<?xml version="1.0" encoding="UTF-8"?>
<!-- Generated by org.testng.reporters.JUnitReportReporter -->
<testsuite skipped="0" hostname="BDC8-DX-6R0CH92" name="com.tests.NewTest" tests="4" failures="0" timestamp="04 Jul 2019 09:46:47 GMT" time="0.016" errors="0">
  <testcase name="f" time="0.002" classname="com.tests.NewTest"/>
  <testcase name="f" time="0.007" classname="com.tests.NewTest"/>
  <testcase name="f" time="0.002" classname="com.tests.NewTest"/>
  <testcase name="f" time="0.005" classname="com.tests.NewTest"/>
</testsuite> <!-- com.tests.NewTest -->
