<?xml version="1.0" encoding="UTF-8"?>
<!-- Generated by org.testng.reporters.JUnitReportReporter -->
<testsuite skipped="0" hostname="BDC8-DX-6R0CH92" name="com.demo.Ddfc_demo" tests="2" failures="0" timestamp="05 Jul 2019 07:25:02 GMT" time="34.394" errors="0">
  <testcase name="hdfcCheck" time="25.545" classname="com.demo.Ddfc_demo"/>
  <testcase name="alerthandle" time="8.849" classname="com.demo.Ddfc_demo"/>
</testsuite> <!-- com.demo.Ddfc_demo -->
