<?xml version="1.0" encoding="UTF-8"?>
<!-- Generated by org.testng.reporters.JUnitReportReporter -->
<testsuite skipped="0" hostname="BDC8-DX-6R0CH92" name="com.tests.TestNgClass" tests="2" failures="0" timestamp="05 Jul 2019 10:13:47 GMT" time="1.839" errors="0">
  <testcase name="test1" time="0.764" classname="com.tests.TestNgClass"/>
  <testcase name="test2" time="1.075" classname="com.tests.TestNgClass"/>
</testsuite> <!-- com.tests.TestNgClass -->
