<?xml version="1.0" encoding="UTF-8"?>
<!-- Generated by org.testng.reporters.JUnitReportReporter -->
<testsuite skipped="0" hostname="BDC8-DX-6R0CH92" name="com.tests.demoWebShop" tests="2" failures="0" timestamp="05 Jul 2019 09:41:20 GMT" time="0.007" errors="0">
  <testcase name="Registration" time="0.006" classname="com.tests.demoWebShop"/>
  <testcase name="Login" time="0.001" classname="com.tests.demoWebShop"/>
</testsuite> <!-- com.tests.demoWebShop -->
